<?xml version="1.0" encoding="UTF-8"?>
<!-- Generated by org.testng.reporters.JUnitXMLReporter -->
<testsuite ignored="0" hostname="LAPTOP-3RADJBSR" failures="1" tests="1" name="Test" time="8.286" errors="0" timestamp="2024-12-11T12:28:55 IST">
  <testcase classname="Test.VerifyTest" name="LoginTest" time="8.237">
    <failure type="java.lang.Error" message="Unresolved compilation problems: 
	The import Generic cannot be resolved
	DriverUtils cannot be resolved
">
      <![CDATA[java.lang.Error: Unresolved compilation problems: 
The import Generic cannot be resolved
DriverUtils cannot be resolved

at POM.BasePage.<init>(BasePage.java:6)
at POM.LoginPage.<init>(LoginPage.java:8)
at Test.VerifyTest.LoginTest(VerifyTest.java:22)
at java.base/java.util.ArrayList.forEach(ArrayList.java:1597)
... Removed 25 stack frames]]>
    </failure>
  </testcase> <!-- LoginTest -->
</testsuite> <!-- Test -->
