<?xml version="1.0" encoding="UTF-8"?>
<testng-results ignored="0" total="1" passed="1" failed="0" skipped="0">
  <reporter-output>
  </reporter-output>
  <suite started-at="2024-12-12T10:52:28 IST" name="Suite" finished-at="2024-12-12T10:52:47 IST" duration-ms="18890">
    <groups>
    </groups>
    <test started-at="2024-12-12T10:52:28 IST" name="Test" finished-at="2024-12-12T10:52:47 IST" duration-ms="18890">
      <class name="Test.VerifyTest">
        <test-method signature="LoginTest()[pri:0, instance:Test.VerifyTest@783a467b]" started-at="2024-12-12T10:52:28 IST" name="LoginTest" finished-at="2024-12-12T10:52:47 IST" duration-ms="18824" status="PASS">
          <reporter-output>
          </reporter-output>
        </test-method> <!-- LoginTest -->
      </class> <!-- Test.VerifyTest -->
    </test> <!-- Test -->
  </suite> <!-- Suite -->
</testng-results>
