<?xml version="1.0" encoding="UTF-8"?>
<testng-results ignored="0" total="1" passed="1" failed="0" skipped="0">
  <reporter-output>
  </reporter-output>
  <suite started-at="2024-12-11T12:30:47 IST" name="Default suite" finished-at="2024-12-11T12:31:00 IST" duration-ms="12884">
    <groups>
    </groups>
    <test started-at="2024-12-11T12:30:47 IST" name="Default test" finished-at="2024-12-11T12:31:00 IST" duration-ms="12884">
      <class name="Test.VerifyTest">
        <test-method signature="LoginTest()[pri:0, instance:Test.VerifyTest@2ed2d9cb]" started-at="2024-12-11T12:30:47 IST" name="LoginTest" finished-at="2024-12-11T12:31:00 IST" duration-ms="12840" status="PASS">
          <reporter-output>
          </reporter-output>
        </test-method> <!-- LoginTest -->
      </class> <!-- Test.VerifyTest -->
    </test> <!-- Default test -->
  </suite> <!-- Default suite -->
</testng-results>
